<?xml version="1.0" encoding="UTF-8"?>
<testsuite xmlns:xsi="http://www.w3.org/2001/XMLSchema-instance" xsi:noNamespaceSchemaLocation="https://maven.apache.org/surefire/maven-surefire-plugin/xsd/surefire-test-report.xsd" name="TestSuite" time="45.819" tests="2" errors="0" skipped="0" failures="0">
  <properties>
    <property name="sun.desktop" value="windows"/>
    <property name="awt.toolkit" value="sun.awt.windows.WToolkit"/>
    <property name="file.encoding.pkg" value="sun.io"/>
    <property name="java.specification.version" value="1.8"/>
    <property name="sun.cpu.isalist" value="amd64"/>
    <property name="sun.jnu.encoding" value="Cp1255"/>
    <property name="java.class.path" value="C:\Automation\Projects\TheFinalProject\target\test-classes;C:\Automation\Projects\TheFinalProject\target\classes;C:\Users\רונן קוקנר\.m2\repository\io\rest-assured\rest-assured\4.4.0\rest-assured-4.4.0.jar;C:\Users\רונן קוקנר\.m2\repository\org\codehaus\groovy\groovy\3.0.8\groovy-3.0.8.jar;C:\Users\רונן קוקנר\.m2\repository\org\codehaus\groovy\groovy-xml\3.0.8\groovy-xml-3.0.8.jar;C:\Users\רונן קוקנר\.m2\repository\org\apache\httpcomponents\httpclient\4.5.13\httpclient-4.5.13.jar;C:\Users\רונן קוקנר\.m2\repository\org\apache\httpcomponents\httpcore\4.4.13\httpcore-4.4.13.jar;C:\Users\רונן קוקנר\.m2\repository\commons-logging\commons-logging\1.2\commons-logging-1.2.jar;C:\Users\רונן קוקנר\.m2\repository\commons-codec\commons-codec\1.11\commons-codec-1.11.jar;C:\Users\רונן קוקנר\.m2\repository\org\apache\httpcomponents\httpmime\4.5.13\httpmime-4.5.13.jar;C:\Users\רונן קוקנר\.m2\repository\org\hamcrest\hamcrest\2.1\hamcrest-2.1.jar;C:\Users\רונן קוקנר\.m2\repository\org\ccil\cowan\tagsoup\tagsoup\1.2.1\tagsoup-1.2.1.jar;C:\Users\רונן קוקנר\.m2\repository\io\rest-assured\xml-path\4.4.0\xml-path-4.4.0.jar;C:\Users\רונן קוקנר\.m2\repository\org\apache\commons\commons-lang3\3.11\commons-lang3-3.11.jar;C:\Users\רונן קוקנר\.m2\repository\jakarta\xml\bind\jakarta.xml.bind-api\2.3.3\jakarta.xml.bind-api-2.3.3.jar;C:\Users\רונן קוקנר\.m2\repository\jakarta\activation\jakarta.activation-api\1.2.2\jakarta.activation-api-1.2.2.jar;C:\Users\רונן קוקנר\.m2\repository\com\sun\xml\bind\jaxb-impl\2.3.3\jaxb-impl-2.3.3.jar;C:\Users\רונן קוקנר\.m2\repository\io\rest-assured\json-path\4.4.0\json-path-4.4.0.jar;C:\Users\רונן קוקנר\.m2\repository\org\codehaus\groovy\groovy-json\3.0.8\groovy-json-3.0.8.jar;C:\Users\רונן קוקנר\.m2\repository\io\rest-assured\rest-assured-common\4.4.0\rest-assured-common-4.4.0.jar;C:\Users\רונן קוקנר\.m2\repository\io\rest-assured\json-schema-validator\4.4.0\json-schema-validator-4.4.0.jar;C:\Users\רונן קוקנר\.m2\repository\com\github\java-json-tools\json-schema-validator\2.2.14\json-schema-validator-2.2.14.jar;C:\Users\רונן קוקנר\.m2\repository\com\github\java-json-tools\jackson-coreutils-equivalence\1.0\jackson-coreutils-equivalence-1.0.jar;C:\Users\רונן קוקנר\.m2\repository\com\fasterxml\jackson\core\jackson-databind\2.11.0\jackson-databind-2.11.0.jar;C:\Users\רונן קוקנר\.m2\repository\com\fasterxml\jackson\core\jackson-annotations\2.11.0\jackson-annotations-2.11.0.jar;C:\Users\רונן קוקנר\.m2\repository\com\fasterxml\jackson\core\jackson-core\2.11.0\jackson-core-2.11.0.jar;C:\Users\רונן קוקנר\.m2\repository\com\github\java-json-tools\jackson-coreutils\2.0\jackson-coreutils-2.0.jar;C:\Users\רונן קוקנר\.m2\repository\com\github\java-json-tools\msg-simple\1.2\msg-simple-1.2.jar;C:\Users\רונן קוקנר\.m2\repository\com\github\java-json-tools\btf\1.3\btf-1.3.jar;C:\Users\רונן קוקנר\.m2\repository\com\github\java-json-tools\json-schema-core\1.2.14\json-schema-core-1.2.14.jar;C:\Users\רונן קוקנר\.m2\repository\com\github\java-json-tools\uri-template\0.10\uri-template-0.10.jar;C:\Users\רונן קוקנר\.m2\repository\org\mozilla\rhino\1.7.7.2\rhino-1.7.7.2.jar;C:\Users\רונן קוקנר\.m2\repository\com\sun\mail\mailapi\1.6.2\mailapi-1.6.2.jar;C:\Users\רונן קוקנר\.m2\repository\joda-time\joda-time\2.10.5\joda-time-2.10.5.jar;C:\Users\רונן קוקנר\.m2\repository\com\googlecode\libphonenumber\libphonenumber\8.11.1\libphonenumber-8.11.1.jar;C:\Users\רונן קוקנר\.m2\repository\com\google\code\findbugs\jsr305\3.0.2\jsr305-3.0.2.jar;C:\Users\רונן קוקנר\.m2\repository\net\sf\jopt-simple\jopt-simple\5.0.4\jopt-simple-5.0.4.jar;C:\Users\רונן קוקנר\.m2\repository\com\googlecode\json-simple\json-simple\1.1.1\json-simple-1.1.1.jar;C:\Users\רונן קוקנר\.m2\repository\junit\junit\4.10\junit-4.10.jar;C:\Users\רונן קוקנר\.m2\repository\org\hamcrest\hamcrest-core\1.1\hamcrest-core-1.1.jar;C:\Users\רונן קוקנר\.m2\repository\org\jsoup\jsoup\1.14.3\jsoup-1.14.3.jar;C:\Users\רונן קוקנר\.m2\repository\org\testng\testng\7.4.0\testng-7.4.0.jar;C:\Users\רונן קוקנר\.m2\repository\com\beust\jcommander\1.78\jcommander-1.78.jar;C:\Users\רונן קוקנר\.m2\repository\org\webjars\jquery\3.5.1\jquery-3.5.1.jar;C:\Users\רונן קוקנר\.m2\repository\org\seleniumhq\selenium\selenium-java\3.141.59\selenium-java-3.141.59.jar;C:\Users\רונן קוקנר\.m2\repository\org\seleniumhq\selenium\selenium-api\3.141.59\selenium-api-3.141.59.jar;C:\Users\רונן קוקנר\.m2\repository\org\seleniumhq\selenium\selenium-chrome-driver\3.141.59\selenium-chrome-driver-3.141.59.jar;C:\Users\רונן קוקנר\.m2\repository\org\seleniumhq\selenium\selenium-edge-driver\3.141.59\selenium-edge-driver-3.141.59.jar;C:\Users\רונן קוקנר\.m2\repository\org\seleniumhq\selenium\selenium-firefox-driver\3.141.59\selenium-firefox-driver-3.141.59.jar;C:\Users\רונן קוקנר\.m2\repository\org\seleniumhq\selenium\selenium-ie-driver\3.141.59\selenium-ie-driver-3.141.59.jar;C:\Users\רונן קוקנר\.m2\repository\org\seleniumhq\selenium\selenium-opera-driver\3.141.59\selenium-opera-driver-3.141.59.jar;C:\Users\רונן קוקנר\.m2\repository\org\seleniumhq\selenium\selenium-remote-driver\3.141.59\selenium-remote-driver-3.141.59.jar;C:\Users\רונן קוקנר\.m2\repository\org\seleniumhq\selenium\selenium-safari-driver\3.141.59\selenium-safari-driver-3.141.59.jar;C:\Users\רונן קוקנר\.m2\repository\org\seleniumhq\selenium\selenium-support\3.141.59\selenium-support-3.141.59.jar;C:\Users\רונן קוקנר\.m2\repository\net\bytebuddy\byte-buddy\1.8.15\byte-buddy-1.8.15.jar;C:\Users\רונן קוקנר\.m2\repository\org\apache\commons\commons-exec\1.3\commons-exec-1.3.jar;C:\Users\רונן קוקנר\.m2\repository\com\google\guava\guava\25.0-jre\guava-25.0-jre.jar;C:\Users\רונן קוקנר\.m2\repository\org\checkerframework\checker-compat-qual\2.0.0\checker-compat-qual-2.0.0.jar;C:\Users\רונן קוקנר\.m2\repository\com\google\errorprone\error_prone_annotations\2.1.3\error_prone_annotations-2.1.3.jar;C:\Users\רונן קוקנר\.m2\repository\com\google\j2objc\j2objc-annotations\1.1\j2objc-annotations-1.1.jar;C:\Users\רונן קוקנר\.m2\repository\org\codehaus\mojo\animal-sniffer-annotations\1.14\animal-sniffer-annotations-1.14.jar;C:\Users\רונן קוקנר\.m2\repository\com\squareup\okhttp3\okhttp\3.11.0\okhttp-3.11.0.jar;C:\Users\רונן קוקנר\.m2\repository\com\squareup\okio\okio\1.14.0\okio-1.14.0.jar;C:\Users\רונן קוקנר\.m2\repository\io\github\bonigarcia\webdrivermanager\5.0.2\webdrivermanager-5.0.2.jar;C:\Users\רונן קוקנר\.m2\repository\org\slf4j\slf4j-api\1.7.32\slf4j-api-1.7.32.jar;C:\Users\רונן קוקנר\.m2\repository\com\google\code\gson\gson\2.8.8\gson-2.8.8.jar;C:\Users\רונן קוקנר\.m2\repository\com\github\docker-java\docker-java\3.2.11\docker-java-3.2.11.jar;C:\Users\רונן קוקנר\.m2\repository\com\github\docker-java\docker-java-core\3.2.11\docker-java-core-3.2.11.jar;C:\Users\רונן קוקנר\.m2\repository\com\github\docker-java\docker-java-api\3.2.11\docker-java-api-3.2.11.jar;C:\Users\רונן קוקנר\.m2\repository\commons-io\commons-io\2.6\commons-io-2.6.jar;C:\Users\רונן קוקנר\.m2\repository\org\apache\commons\commons-compress\1.20\commons-compress-1.20.jar;C:\Users\רונן קוקנר\.m2\repository\commons-lang\commons-lang\2.6\commons-lang-2.6.jar;C:\Users\רונן קוקנר\.m2\repository\org\bouncycastle\bcpkix-jdk15on\1.64\bcpkix-jdk15on-1.64.jar;C:\Users\רונן קוקנר\.m2\repository\org\bouncycastle\bcprov-jdk15on\1.64\bcprov-jdk15on-1.64.jar;C:\Users\רונן קוקנר\.m2\repository\org\slf4j\jcl-over-slf4j\1.7.30\jcl-over-slf4j-1.7.30.jar;C:\Users\רונן קוקנר\.m2\repository\com\github\docker-java\docker-java-transport-httpclient5\3.2.11\docker-java-transport-httpclient5-3.2.11.jar;C:\Users\רונן קוקנר\.m2\repository\com\github\docker-java\docker-java-transport\3.2.11\docker-java-transport-3.2.11.jar;C:\Users\רונן קוקנר\.m2\repository\org\apache\httpcomponents\client5\httpclient5\5.0.3\httpclient5-5.0.3.jar;C:\Users\רונן קוקנר\.m2\repository\org\apache\httpcomponents\core5\httpcore5\5.0.2\httpcore5-5.0.2.jar;C:\Users\רונן קוקנר\.m2\repository\net\java\dev\jna\jna\5.8.0\jna-5.8.0.jar;C:\Users\רונן קוקנר\.m2\repository\org\brotli\dec\0.1.2\dec-0.1.2.jar;C:\Users\רונן קוקנר\.m2\repository\io\qameta\allure\allure-testng\2.15.0\allure-testng-2.15.0.jar;C:\Users\רונן קוקנר\.m2\repository\io\qameta\allure\allure-java-commons\2.15.0\allure-java-commons-2.15.0.jar;C:\Users\רונן קוקנר\.m2\repository\io\qameta\allure\allure-model\2.15.0\allure-model-2.15.0.jar;C:\Users\רונן קוקנר\.m2\repository\io\qameta\allure\allure-test-filter\2.15.0\allure-test-filter-2.15.0.jar;C:\Users\רונן קוקנר\.m2\repository\org\aspectj\aspectjweaver\1.9.7\aspectjweaver-1.9.7.jar;C:\Users\רונן קוקנר\.m2\repository\sikulix\sikulix-api\2.0.5\sikulix-api-2.0.5.jar;C:\Users\רונן קוקנר\.m2\repository\com\github\stephenc\monte\monte-screen-recorder\0.7.7.0\monte-screen-recorder-0.7.7.0.jar;C:\Users\רונן קוקנר\.m2\repository\com\experitest\appium\4.1.2\appium-4.1.2.jar;C:\Users\רונן קוקנר\.m2\repository\com\experitest\aspectjweaver\1.8.9\aspectjweaver-1.8.9.jar;C:\Users\רונן קוקנר\.m2\repository\com\experitest\boon\0.33\boon-0.33.jar;C:\Users\רונן קוקנר\.m2\repository\com\experitest\cglib-nodep\3.2.4\cglib-nodep-3.2.4.jar;C:\Users\רונן קוקנר\.m2\repository\com\experitest\commons-beanutils\1.9.2\commons-beanutils-1.9.2.jar;C:\Users\רונן קוקנר\.m2\repository\com\experitest\commons-codec\1.10\commons-codec-1.10.jar;C:\Users\רונן קוקנר\.m2\repository\com\experitest\commons-collections\3.2.2\commons-collections-3.2.2.jar;C:\Users\רונן קוקנר\.m2\repository\com\experitest\commons-digester\1.8.1\commons-digester-1.8.1.jar;C:\Users\רונן קוקנר\.m2\repository\com\experitest\commons-exec\1.3\commons-exec-1.3.jar;C:\Users\רונן קוקנר\.m2\repository\com\experitest\commons-io\2.4\commons-io-2.4.jar;C:\Users\רונן קוקנר\.m2\repository\com\experitest\commons-lang3\3.4\commons-lang3-3.4.jar;C:\Users\רונן קוקנר\.m2\repository\com\experitest\commons-logging\1.2\commons-logging-1.2.jar;C:\Users\רונן קוקנר\.m2\repository\com\experitest\commons-validator\1.5.1\commons-validator-1.5.1.jar;C:\Users\רונן קוקנר\.m2\repository\com\experitest\cssparser\0.9.18\cssparser-0.9.18.jar;C:\Users\רונן קוקנר\.m2\repository\com\experitest\gson\2.7\gson-2.7.jar;C:\Users\רונן קוקנר\.m2\repository\com\experitest\guava\19.0\guava-19.0.jar;C:\Users\רונן קוקנר\.m2\repository\com\experitest\hamcrest-core\1.3\hamcrest-core-1.3.jar;C:\Users\רונן קוקנר\.m2\repository\com\experitest\htmlunit\2.21\htmlunit-2.21.jar;C:\Users\רונן קוקנר\.m2\repository\com\experitest\htmlunit-core-js\2.17\htmlunit-core-js-2.17.jar;C:\Users\רונן קוקנר\.m2\repository\com\experitest\htmlunit-driver\2.21\htmlunit-driver-2.21.jar;C:\Users\רונן קוקנר\.m2\repository\com\experitest\httpclient\4.5.2\httpclient-4.5.2.jar;C:\Users\רונן קוקנר\.m2\repository\com\experitest\httpcore\4.4.4\httpcore-4.4.4.jar;C:\Users\רונן קוקנר\.m2\repository\com\experitest\httpmime\4.5.2\httpmime-4.5.2.jar;C:\Users\רונן קוקנר\.m2\repository\com\experitest\jetty-io\9.2.15.v20160210\jetty-io-9.2.15.v20160210.jar;C:\Users\רונן קוקנר\.m2\repository\com\experitest\jetty-util\9.2.15.v20160210\jetty-util-9.2.15.v20160210.jar;C:\Users\רונן קוקנר\.m2\repository\com\experitest\jna\4.1.0\jna-4.1.0.jar;C:\Users\רונן קוקנר\.m2\repository\com\experitest\jna-platform\4.1.0\jna-platform-4.1.0.jar;C:\Users\רונן קוקנר\.m2\repository\com\experitest\junit\4.12\junit-4.12.jar;C:\Users\רונן קוקנר\.m2\repository\com\experitest\neko-htmlunit\2.21\neko-htmlunit-2.21.jar;C:\Users\רונן קוקנר\.m2\repository\com\experitest\netty\3.5.7.Final\netty-3.5.7.Final.jar;C:\Users\רונן קוקנר\.m2\repository\com\experitest\sac\1.3\sac-1.3.jar;C:\Users\רונן קוקנר\.m2\repository\com\experitest\selenium-api\2.53.1\selenium-api-2.53.1.jar;C:\Users\רונן קוקנר\.m2\repository\com\experitest\selenium-chrome-driver\2.53.1\selenium-chrome-driver-2.53.1.jar;C:\Users\רונן קוקנר\.m2\repository\com\experitest\selenium-edge-driver\2.53.1\selenium-edge-driver-2.53.1.jar;C:\Users\רונן קוקנר\.m2\repository\com\experitest\selenium-firefox-driver\2.53.1\selenium-firefox-driver-2.53.1.jar;C:\Users\רונן קוקנר\.m2\repository\com\experitest\selenium-ie-driver\2.53.1\selenium-ie-driver-2.53.1.jar;C:\Users\רונן קוקנר\.m2\repository\com\experitest\selenium-java\2.53.1\selenium-java-2.53.1.jar;C:\Users\רונן קוקנר\.m2\repository\com\experitest\selenium-leg-rc\2.53.1\selenium-leg-rc-2.53.1.jar;C:\Users\רונן קוקנר\.m2\repository\com\experitest\selenium-remote-driver\2.53.1\selenium-remote-driver-2.53.1.jar;C:\Users\רונן קוקנר\.m2\repository\com\experitest\selenium-safari-driver\2.53.1\selenium-safari-driver-2.53.1.jar;C:\Users\רונן קוקנר\.m2\repository\com\experitest\selenium-support\2.53.1\selenium-support-2.53.1.jar;C:\Users\רונן קוקנר\.m2\repository\com\experitest\serializer\2.7.2\serializer-2.7.2.jar;C:\Users\רונן קוקנר\.m2\repository\com\experitest\spring-aop\4.3.2.RELEASE\spring-aop-4.3.2.RELEASE.jar;C:\Users\רונן קוקנר\.m2\repository\com\experitest\spring-beans\4.3.2.RELEASE\spring-beans-4.3.2.RELEASE.jar;C:\Users\רונן קוקנר\.m2\repository\com\experitest\spring-context\4.3.2.RELEASE\spring-context-4.3.2.RELEASE.jar;C:\Users\רונן קוקנר\.m2\repository\com\experitest\spring-core\4.3.2.RELEASE\spring-core-4.3.2.RELEASE.jar;C:\Users\רונן קוקנר\.m2\repository\com\experitest\spring-expression\4.3.2.RELEASE\spring-expression-4.3.2.RELEASE.jar;C:\Users\רונן קוקנר\.m2\repository\com\experitest\websocket-api\9.2.15.v20160210\websocket-api-9.2.15.v20160210.jar;C:\Users\רונן קוקנר\.m2\repository\com\experitest\websocket-client\9.2.15.v20160210\websocket-client-9.2.15.v20160210.jar;C:\Users\רונן קוקנר\.m2\repository\com\experitest\websocket-common\9.2.15.v20160210\websocket-common-9.2.15.v20160210.jar;C:\Users\רונן קוקנר\.m2\repository\com\experitest\ws-commons-util\1.0.2\ws-commons-util-1.0.2.jar;C:\Users\רונן קוקנר\.m2\repository\com\experitest\xalan\2.7.2\xalan-2.7.2.jar;C:\Users\רונן קוקנר\.m2\repository\com\experitest\xercesImpl\2.11.0\xercesImpl-2.11.0.jar;C:\Users\רונן קוקנר\.m2\repository\com\experitest\xml-apis\1.4.01\xml-apis-1.4.01.jar;C:\Users\רונן קוקנר\.m2\repository\com\experitest\xmlrpc-client\3.1.2\xmlrpc-client-3.1.2.jar;C:\Users\רונן קוקנר\.m2\repository\com\experitest\xmlrpc-common\3.1.2\xmlrpc-common-3.1.2.jar;C:\Users\רונן קוקנר\.m2\repository\mysql\mysql-connector-java\8.0.16\mysql-connector-java-8.0.16.jar;C:\Users\רונן קוקנר\.m2\repository\com\google\protobuf\protobuf-java\3.6.1\protobuf-java-3.6.1.jar;"/>
    <property name="java.vm.vendor" value="Oracle Corporation"/>
    <property name="sun.arch.data.model" value="64"/>
    <property name="user.variant" value=""/>
    <property name="java.vendor.url" value="http://java.oracle.com/"/>
    <property name="user.timezone" value="Asia/Jerusalem"/>
    <property name="java.vm.specification.version" value="1.8"/>
    <property name="os.name" value="Windows 10"/>
    <property name="user.country" value="US"/>
    <property name="sun.java.launcher" value="SUN_STANDARD"/>
    <property name="sun.boot.library.path" value="C:\Program Files\Java\jre1.8.0_301\bin"/>
    <property name="sun.java.command" value="C:\Users\FAB3~1\AppData\Local\Temp\surefire5981190547997524428\surefirebooter2350595291256870193.jar C:\Users\רונן קוקנר\AppData\Local\Temp\surefire5981190547997524428 2021-11-19T16-50-16_449-jvmRun1 surefire7352828341003825632tmp surefire_01372437378685813999tmp"/>
    <property name="surefire.test.class.path" value="C:\Automation\Projects\TheFinalProject\target\test-classes;C:\Automation\Projects\TheFinalProject\target\classes;C:\Users\רונן קוקנר\.m2\repository\io\rest-assured\rest-assured\4.4.0\rest-assured-4.4.0.jar;C:\Users\רונן קוקנר\.m2\repository\org\codehaus\groovy\groovy\3.0.8\groovy-3.0.8.jar;C:\Users\רונן קוקנר\.m2\repository\org\codehaus\groovy\groovy-xml\3.0.8\groovy-xml-3.0.8.jar;C:\Users\רונן קוקנר\.m2\repository\org\apache\httpcomponents\httpclient\4.5.13\httpclient-4.5.13.jar;C:\Users\רונן קוקנר\.m2\repository\org\apache\httpcomponents\httpcore\4.4.13\httpcore-4.4.13.jar;C:\Users\רונן קוקנר\.m2\repository\commons-logging\commons-logging\1.2\commons-logging-1.2.jar;C:\Users\רונן קוקנר\.m2\repository\commons-codec\commons-codec\1.11\commons-codec-1.11.jar;C:\Users\רונן קוקנר\.m2\repository\org\apache\httpcomponents\httpmime\4.5.13\httpmime-4.5.13.jar;C:\Users\רונן קוקנר\.m2\repository\org\hamcrest\hamcrest\2.1\hamcrest-2.1.jar;C:\Users\רונן קוקנר\.m2\repository\org\ccil\cowan\tagsoup\tagsoup\1.2.1\tagsoup-1.2.1.jar;C:\Users\רונן קוקנר\.m2\repository\io\rest-assured\xml-path\4.4.0\xml-path-4.4.0.jar;C:\Users\רונן קוקנר\.m2\repository\org\apache\commons\commons-lang3\3.11\commons-lang3-3.11.jar;C:\Users\רונן קוקנר\.m2\repository\jakarta\xml\bind\jakarta.xml.bind-api\2.3.3\jakarta.xml.bind-api-2.3.3.jar;C:\Users\רונן קוקנר\.m2\repository\jakarta\activation\jakarta.activation-api\1.2.2\jakarta.activation-api-1.2.2.jar;C:\Users\רונן קוקנר\.m2\repository\com\sun\xml\bind\jaxb-impl\2.3.3\jaxb-impl-2.3.3.jar;C:\Users\רונן קוקנר\.m2\repository\io\rest-assured\json-path\4.4.0\json-path-4.4.0.jar;C:\Users\רונן קוקנר\.m2\repository\org\codehaus\groovy\groovy-json\3.0.8\groovy-json-3.0.8.jar;C:\Users\רונן קוקנר\.m2\repository\io\rest-assured\rest-assured-common\4.4.0\rest-assured-common-4.4.0.jar;C:\Users\רונן קוקנר\.m2\repository\io\rest-assured\json-schema-validator\4.4.0\json-schema-validator-4.4.0.jar;C:\Users\רונן קוקנר\.m2\repository\com\github\java-json-tools\json-schema-validator\2.2.14\json-schema-validator-2.2.14.jar;C:\Users\רונן קוקנר\.m2\repository\com\github\java-json-tools\jackson-coreutils-equivalence\1.0\jackson-coreutils-equivalence-1.0.jar;C:\Users\רונן קוקנר\.m2\repository\com\fasterxml\jackson\core\jackson-databind\2.11.0\jackson-databind-2.11.0.jar;C:\Users\רונן קוקנר\.m2\repository\com\fasterxml\jackson\core\jackson-annotations\2.11.0\jackson-annotations-2.11.0.jar;C:\Users\רונן קוקנר\.m2\repository\com\fasterxml\jackson\core\jackson-core\2.11.0\jackson-core-2.11.0.jar;C:\Users\רונן קוקנר\.m2\repository\com\github\java-json-tools\jackson-coreutils\2.0\jackson-coreutils-2.0.jar;C:\Users\רונן קוקנר\.m2\repository\com\github\java-json-tools\msg-simple\1.2\msg-simple-1.2.jar;C:\Users\רונן קוקנר\.m2\repository\com\github\java-json-tools\btf\1.3\btf-1.3.jar;C:\Users\רונן קוקנר\.m2\repository\com\github\java-json-tools\json-schema-core\1.2.14\json-schema-core-1.2.14.jar;C:\Users\רונן קוקנר\.m2\repository\com\github\java-json-tools\uri-template\0.10\uri-template-0.10.jar;C:\Users\רונן קוקנר\.m2\repository\org\mozilla\rhino\1.7.7.2\rhino-1.7.7.2.jar;C:\Users\רונן קוקנר\.m2\repository\com\sun\mail\mailapi\1.6.2\mailapi-1.6.2.jar;C:\Users\רונן קוקנר\.m2\repository\joda-time\joda-time\2.10.5\joda-time-2.10.5.jar;C:\Users\רונן קוקנר\.m2\repository\com\googlecode\libphonenumber\libphonenumber\8.11.1\libphonenumber-8.11.1.jar;C:\Users\רונן קוקנר\.m2\repository\com\google\code\findbugs\jsr305\3.0.2\jsr305-3.0.2.jar;C:\Users\רונן קוקנר\.m2\repository\net\sf\jopt-simple\jopt-simple\5.0.4\jopt-simple-5.0.4.jar;C:\Users\רונן קוקנר\.m2\repository\com\googlecode\json-simple\json-simple\1.1.1\json-simple-1.1.1.jar;C:\Users\רונן קוקנר\.m2\repository\junit\junit\4.10\junit-4.10.jar;C:\Users\רונן קוקנר\.m2\repository\org\hamcrest\hamcrest-core\1.1\hamcrest-core-1.1.jar;C:\Users\רונן קוקנר\.m2\repository\org\jsoup\jsoup\1.14.3\jsoup-1.14.3.jar;C:\Users\רונן קוקנר\.m2\repository\org\testng\testng\7.4.0\testng-7.4.0.jar;C:\Users\רונן קוקנר\.m2\repository\com\beust\jcommander\1.78\jcommander-1.78.jar;C:\Users\רונן קוקנר\.m2\repository\org\webjars\jquery\3.5.1\jquery-3.5.1.jar;C:\Users\רונן קוקנר\.m2\repository\org\seleniumhq\selenium\selenium-java\3.141.59\selenium-java-3.141.59.jar;C:\Users\רונן קוקנר\.m2\repository\org\seleniumhq\selenium\selenium-api\3.141.59\selenium-api-3.141.59.jar;C:\Users\רונן קוקנר\.m2\repository\org\seleniumhq\selenium\selenium-chrome-driver\3.141.59\selenium-chrome-driver-3.141.59.jar;C:\Users\רונן קוקנר\.m2\repository\org\seleniumhq\selenium\selenium-edge-driver\3.141.59\selenium-edge-driver-3.141.59.jar;C:\Users\רונן קוקנר\.m2\repository\org\seleniumhq\selenium\selenium-firefox-driver\3.141.59\selenium-firefox-driver-3.141.59.jar;C:\Users\רונן קוקנר\.m2\repository\org\seleniumhq\selenium\selenium-ie-driver\3.141.59\selenium-ie-driver-3.141.59.jar;C:\Users\רונן קוקנר\.m2\repository\org\seleniumhq\selenium\selenium-opera-driver\3.141.59\selenium-opera-driver-3.141.59.jar;C:\Users\רונן קוקנר\.m2\repository\org\seleniumhq\selenium\selenium-remote-driver\3.141.59\selenium-remote-driver-3.141.59.jar;C:\Users\רונן קוקנר\.m2\repository\org\seleniumhq\selenium\selenium-safari-driver\3.141.59\selenium-safari-driver-3.141.59.jar;C:\Users\רונן קוקנר\.m2\repository\org\seleniumhq\selenium\selenium-support\3.141.59\selenium-support-3.141.59.jar;C:\Users\רונן קוקנר\.m2\repository\net\bytebuddy\byte-buddy\1.8.15\byte-buddy-1.8.15.jar;C:\Users\רונן קוקנר\.m2\repository\org\apache\commons\commons-exec\1.3\commons-exec-1.3.jar;C:\Users\רונן קוקנר\.m2\repository\com\google\guava\guava\25.0-jre\guava-25.0-jre.jar;C:\Users\רונן קוקנר\.m2\repository\org\checkerframework\checker-compat-qual\2.0.0\checker-compat-qual-2.0.0.jar;C:\Users\רונן קוקנר\.m2\repository\com\google\errorprone\error_prone_annotations\2.1.3\error_prone_annotations-2.1.3.jar;C:\Users\רונן קוקנר\.m2\repository\com\google\j2objc\j2objc-annotations\1.1\j2objc-annotations-1.1.jar;C:\Users\רונן קוקנר\.m2\repository\org\codehaus\mojo\animal-sniffer-annotations\1.14\animal-sniffer-annotations-1.14.jar;C:\Users\רונן קוקנר\.m2\repository\com\squareup\okhttp3\okhttp\3.11.0\okhttp-3.11.0.jar;C:\Users\רונן קוקנר\.m2\repository\com\squareup\okio\okio\1.14.0\okio-1.14.0.jar;C:\Users\רונן קוקנר\.m2\repository\io\github\bonigarcia\webdrivermanager\5.0.2\webdrivermanager-5.0.2.jar;C:\Users\רונן קוקנר\.m2\repository\org\slf4j\slf4j-api\1.7.32\slf4j-api-1.7.32.jar;C:\Users\רונן קוקנר\.m2\repository\com\google\code\gson\gson\2.8.8\gson-2.8.8.jar;C:\Users\רונן קוקנר\.m2\repository\com\github\docker-java\docker-java\3.2.11\docker-java-3.2.11.jar;C:\Users\רונן קוקנר\.m2\repository\com\github\docker-java\docker-java-core\3.2.11\docker-java-core-3.2.11.jar;C:\Users\רונן קוקנר\.m2\repository\com\github\docker-java\docker-java-api\3.2.11\docker-java-api-3.2.11.jar;C:\Users\רונן קוקנר\.m2\repository\commons-io\commons-io\2.6\commons-io-2.6.jar;C:\Users\רונן קוקנר\.m2\repository\org\apache\commons\commons-compress\1.20\commons-compress-1.20.jar;C:\Users\רונן קוקנר\.m2\repository\commons-lang\commons-lang\2.6\commons-lang-2.6.jar;C:\Users\רונן קוקנר\.m2\repository\org\bouncycastle\bcpkix-jdk15on\1.64\bcpkix-jdk15on-1.64.jar;C:\Users\רונן קוקנר\.m2\repository\org\bouncycastle\bcprov-jdk15on\1.64\bcprov-jdk15on-1.64.jar;C:\Users\רונן קוקנר\.m2\repository\org\slf4j\jcl-over-slf4j\1.7.30\jcl-over-slf4j-1.7.30.jar;C:\Users\רונן קוקנר\.m2\repository\com\github\docker-java\docker-java-transport-httpclient5\3.2.11\docker-java-transport-httpclient5-3.2.11.jar;C:\Users\רונן קוקנר\.m2\repository\com\github\docker-java\docker-java-transport\3.2.11\docker-java-transport-3.2.11.jar;C:\Users\רונן קוקנר\.m2\repository\org\apache\httpcomponents\client5\httpclient5\5.0.3\httpclient5-5.0.3.jar;C:\Users\רונן קוקנר\.m2\repository\org\apache\httpcomponents\core5\httpcore5\5.0.2\httpcore5-5.0.2.jar;C:\Users\רונן קוקנר\.m2\repository\net\java\dev\jna\jna\5.8.0\jna-5.8.0.jar;C:\Users\רונן קוקנר\.m2\repository\org\brotli\dec\0.1.2\dec-0.1.2.jar;C:\Users\רונן קוקנר\.m2\repository\io\qameta\allure\allure-testng\2.15.0\allure-testng-2.15.0.jar;C:\Users\רונן קוקנר\.m2\repository\io\qameta\allure\allure-java-commons\2.15.0\allure-java-commons-2.15.0.jar;C:\Users\רונן קוקנר\.m2\repository\io\qameta\allure\allure-model\2.15.0\allure-model-2.15.0.jar;C:\Users\רונן קוקנר\.m2\repository\io\qameta\allure\allure-test-filter\2.15.0\allure-test-filter-2.15.0.jar;C:\Users\רונן קוקנר\.m2\repository\org\aspectj\aspectjweaver\1.9.7\aspectjweaver-1.9.7.jar;C:\Users\רונן קוקנר\.m2\repository\sikulix\sikulix-api\2.0.5\sikulix-api-2.0.5.jar;C:\Users\רונן קוקנר\.m2\repository\com\github\stephenc\monte\monte-screen-recorder\0.7.7.0\monte-screen-recorder-0.7.7.0.jar;C:\Users\רונן קוקנר\.m2\repository\com\experitest\appium\4.1.2\appium-4.1.2.jar;C:\Users\רונן קוקנר\.m2\repository\com\experitest\aspectjweaver\1.8.9\aspectjweaver-1.8.9.jar;C:\Users\רונן קוקנר\.m2\repository\com\experitest\boon\0.33\boon-0.33.jar;C:\Users\רונן קוקנר\.m2\repository\com\experitest\cglib-nodep\3.2.4\cglib-nodep-3.2.4.jar;C:\Users\רונן קוקנר\.m2\repository\com\experitest\commons-beanutils\1.9.2\commons-beanutils-1.9.2.jar;C:\Users\רונן קוקנר\.m2\repository\com\experitest\commons-codec\1.10\commons-codec-1.10.jar;C:\Users\רונן קוקנר\.m2\repository\com\experitest\commons-collections\3.2.2\commons-collections-3.2.2.jar;C:\Users\רונן קוקנר\.m2\repository\com\experitest\commons-digester\1.8.1\commons-digester-1.8.1.jar;C:\Users\רונן קוקנר\.m2\repository\com\experitest\commons-exec\1.3\commons-exec-1.3.jar;C:\Users\רונן קוקנר\.m2\repository\com\experitest\commons-io\2.4\commons-io-2.4.jar;C:\Users\רונן קוקנר\.m2\repository\com\experitest\commons-lang3\3.4\commons-lang3-3.4.jar;C:\Users\רונן קוקנר\.m2\repository\com\experitest\commons-logging\1.2\commons-logging-1.2.jar;C:\Users\רונן קוקנר\.m2\repository\com\experitest\commons-validator\1.5.1\commons-validator-1.5.1.jar;C:\Users\רונן קוקנר\.m2\repository\com\experitest\cssparser\0.9.18\cssparser-0.9.18.jar;C:\Users\רונן קוקנר\.m2\repository\com\experitest\gson\2.7\gson-2.7.jar;C:\Users\רונן קוקנר\.m2\repository\com\experitest\guava\19.0\guava-19.0.jar;C:\Users\רונן קוקנר\.m2\repository\com\experitest\hamcrest-core\1.3\hamcrest-core-1.3.jar;C:\Users\רונן קוקנר\.m2\repository\com\experitest\htmlunit\2.21\htmlunit-2.21.jar;C:\Users\רונן קוקנר\.m2\repository\com\experitest\htmlunit-core-js\2.17\htmlunit-core-js-2.17.jar;C:\Users\רונן קוקנר\.m2\repository\com\experitest\htmlunit-driver\2.21\htmlunit-driver-2.21.jar;C:\Users\רונן קוקנר\.m2\repository\com\experitest\httpclient\4.5.2\httpclient-4.5.2.jar;C:\Users\רונן קוקנר\.m2\repository\com\experitest\httpcore\4.4.4\httpcore-4.4.4.jar;C:\Users\רונן קוקנר\.m2\repository\com\experitest\httpmime\4.5.2\httpmime-4.5.2.jar;C:\Users\רונן קוקנר\.m2\repository\com\experitest\jetty-io\9.2.15.v20160210\jetty-io-9.2.15.v20160210.jar;C:\Users\רונן קוקנר\.m2\repository\com\experitest\jetty-util\9.2.15.v20160210\jetty-util-9.2.15.v20160210.jar;C:\Users\רונן קוקנר\.m2\repository\com\experitest\jna\4.1.0\jna-4.1.0.jar;C:\Users\רונן קוקנר\.m2\repository\com\experitest\jna-platform\4.1.0\jna-platform-4.1.0.jar;C:\Users\רונן קוקנר\.m2\repository\com\experitest\junit\4.12\junit-4.12.jar;C:\Users\רונן קוקנר\.m2\repository\com\experitest\neko-htmlunit\2.21\neko-htmlunit-2.21.jar;C:\Users\רונן קוקנר\.m2\repository\com\experitest\netty\3.5.7.Final\netty-3.5.7.Final.jar;C:\Users\רונן קוקנר\.m2\repository\com\experitest\sac\1.3\sac-1.3.jar;C:\Users\רונן קוקנר\.m2\repository\com\experitest\selenium-api\2.53.1\selenium-api-2.53.1.jar;C:\Users\רונן קוקנר\.m2\repository\com\experitest\selenium-chrome-driver\2.53.1\selenium-chrome-driver-2.53.1.jar;C:\Users\רונן קוקנר\.m2\repository\com\experitest\selenium-edge-driver\2.53.1\selenium-edge-driver-2.53.1.jar;C:\Users\רונן קוקנר\.m2\repository\com\experitest\selenium-firefox-driver\2.53.1\selenium-firefox-driver-2.53.1.jar;C:\Users\רונן קוקנר\.m2\repository\com\experitest\selenium-ie-driver\2.53.1\selenium-ie-driver-2.53.1.jar;C:\Users\רונן קוקנר\.m2\repository\com\experitest\selenium-java\2.53.1\selenium-java-2.53.1.jar;C:\Users\רונן קוקנר\.m2\repository\com\experitest\selenium-leg-rc\2.53.1\selenium-leg-rc-2.53.1.jar;C:\Users\רונן קוקנר\.m2\repository\com\experitest\selenium-remote-driver\2.53.1\selenium-remote-driver-2.53.1.jar;C:\Users\רונן קוקנר\.m2\repository\com\experitest\selenium-safari-driver\2.53.1\selenium-safari-driver-2.53.1.jar;C:\Users\רונן קוקנר\.m2\repository\com\experitest\selenium-support\2.53.1\selenium-support-2.53.1.jar;C:\Users\רונן קוקנר\.m2\repository\com\experitest\serializer\2.7.2\serializer-2.7.2.jar;C:\Users\רונן קוקנר\.m2\repository\com\experitest\spring-aop\4.3.2.RELEASE\spring-aop-4.3.2.RELEASE.jar;C:\Users\רונן קוקנר\.m2\repository\com\experitest\spring-beans\4.3.2.RELEASE\spring-beans-4.3.2.RELEASE.jar;C:\Users\רונן קוקנר\.m2\repository\com\experitest\spring-context\4.3.2.RELEASE\spring-context-4.3.2.RELEASE.jar;C:\Users\רונן קוקנר\.m2\repository\com\experitest\spring-core\4.3.2.RELEASE\spring-core-4.3.2.RELEASE.jar;C:\Users\רונן קוקנר\.m2\repository\com\experitest\spring-expression\4.3.2.RELEASE\spring-expression-4.3.2.RELEASE.jar;C:\Users\רונן קוקנר\.m2\repository\com\experitest\websocket-api\9.2.15.v20160210\websocket-api-9.2.15.v20160210.jar;C:\Users\רונן קוקנר\.m2\repository\com\experitest\websocket-client\9.2.15.v20160210\websocket-client-9.2.15.v20160210.jar;C:\Users\רונן קוקנר\.m2\repository\com\experitest\websocket-common\9.2.15.v20160210\websocket-common-9.2.15.v20160210.jar;C:\Users\רונן קוקנר\.m2\repository\com\experitest\ws-commons-util\1.0.2\ws-commons-util-1.0.2.jar;C:\Users\רונן קוקנר\.m2\repository\com\experitest\xalan\2.7.2\xalan-2.7.2.jar;C:\Users\רונן קוקנר\.m2\repository\com\experitest\xercesImpl\2.11.0\xercesImpl-2.11.0.jar;C:\Users\רונן קוקנר\.m2\repository\com\experitest\xml-apis\1.4.01\xml-apis-1.4.01.jar;C:\Users\רונן קוקנר\.m2\repository\com\experitest\xmlrpc-client\3.1.2\xmlrpc-client-3.1.2.jar;C:\Users\רונן קוקנר\.m2\repository\com\experitest\xmlrpc-common\3.1.2\xmlrpc-common-3.1.2.jar;C:\Users\רונן קוקנר\.m2\repository\mysql\mysql-connector-java\8.0.16\mysql-connector-java-8.0.16.jar;C:\Users\רונן קוקנר\.m2\repository\com\google\protobuf\protobuf-java\3.6.1\protobuf-java-3.6.1.jar;"/>
    <property name="sun.cpu.endian" value="little"/>
    <property name="user.home" value="C:\Users\רונן קוקנר"/>
    <property name="user.language" value="en"/>
    <property name="java.specification.vendor" value="Oracle Corporation"/>
    <property name="java.home" value="C:\Program Files\Java\jre1.8.0_301"/>
    <property name="basedir" value="C:\Automation\Projects\TheFinalProject"/>
    <property name="file.separator" value="\"/>
    <property name="line.separator" value="&#10;"/>
    <property name="java.vm.specification.vendor" value="Oracle Corporation"/>
    <property name="java.specification.name" value="Java Platform API Specification"/>
    <property name="java.awt.graphicsenv" value="sun.awt.Win32GraphicsEnvironment"/>
    <property name="surefire.real.class.path" value="C:\Users\FAB3~1\AppData\Local\Temp\surefire5981190547997524428\surefirebooter2350595291256870193.jar;C:\Users\רונן קוקנר\.m2\repository/org/aspectj/aspectjweaver/1.9.7/aspectjweaver-1.9.7.jar"/>
    <property name="sun.boot.class.path" value="C:\Program Files\Java\jre1.8.0_301\lib\resources.jar;C:\Program Files\Java\jre1.8.0_301\lib\rt.jar;C:\Program Files\Java\jre1.8.0_301\lib\sunrsasign.jar;C:\Program Files\Java\jre1.8.0_301\lib\jsse.jar;C:\Program Files\Java\jre1.8.0_301\lib\jce.jar;C:\Program Files\Java\jre1.8.0_301\lib\charsets.jar;C:\Program Files\Java\jre1.8.0_301\lib\jfr.jar;C:\Program Files\Java\jre1.8.0_301\classes"/>
    <property name="user.script" value=""/>
    <property name="sun.management.compiler" value="HotSpot 64-Bit Tiered Compilers"/>
    <property name="java.runtime.version" value="1.8.0_301-b09"/>
    <property name="user.name" value="Ronen"/>
    <property name="path.separator" value=";"/>
    <property name="os.version" value="10.0"/>
    <property name="java.endorsed.dirs" value="C:\Program Files\Java\jre1.8.0_301\lib\endorsed"/>
    <property name="java.runtime.name" value="Java(TM) SE Runtime Environment"/>
    <property name="file.encoding" value="Cp1255"/>
    <property name="java.vm.name" value="Java HotSpot(TM) 64-Bit Server VM"/>
    <property name="localRepository" value="C:\Users\רונן קוקנר\.m2\repository"/>
    <property name="java.vendor.url.bug" value="http://bugreport.sun.com/bugreport/"/>
    <property name="java.io.tmpdir" value="C:\Users\FAB3~1\AppData\Local\Temp\"/>
    <property name="java.version" value="1.8.0_301"/>
    <property name="user.dir" value="C:\Automation\Projects\TheFinalProject"/>
    <property name="os.arch" value="amd64"/>
    <property name="java.vm.specification.name" value="Java Virtual Machine Specification"/>
    <property name="java.awt.printerjob" value="sun.awt.windows.WPrinterJob"/>
    <property name="sun.os.patch.level" value=""/>
    <property name="java.library.path" value="C:\Program Files\Java\jre1.8.0_301\bin;C:\WINDOWS\Sun\Java\bin;C:\WINDOWS\system32;C:\WINDOWS;C:\Automation\FullStackCourse;C:\Automation\Projects\TheFinalProject;C:\Automation\apache-maven-3.6.3\bin;C:\Automation\apache-maven-3.6.3\bin;C:\Automation\apache-maven-3.6.3\bin;C:\Program Files (x86)\Common Files\Oracle\Java\javapath;C:\WINDOWS\system32;C:\WINDOWS;C:\WINDOWS\System32\Wbem;C:\WINDOWS\System32\WindowsPowerShell\v1.0\;C:\WINDOWS\System32\OpenSSH\;C:\Automation\allure-2.15.0\bin;C:\Program Files (x86)\Windows Kits\10\Windows Performance Toolkit\;C:\Program Files\dotnet\;C:\Automation\FullStackCourse\Selenium\allure-2.14.0\bin;;C:\Users\רונן קוקנר\AppData\Local\Microsoft\WindowsApps;C:\Users\רונן קוקנר\.dotnet\tools;."/>
    <property name="java.vm.info" value="mixed mode"/>
    <property name="java.vendor" value="Oracle Corporation"/>
    <property name="java.vm.version" value="25.301-b09"/>
    <property name="java.ext.dirs" value="C:\Program Files\Java\jre1.8.0_301\lib\ext;C:\WINDOWS\Sun\Java\lib\ext"/>
    <property name="sun.io.unicode.encoding" value="UnicodeLittle"/>
    <property name="java.class.version" value="52.0"/>
  </properties>
  <testcase name="test01_verifyMortgageCalculateDB" classname="sanity.MortgageWebDB" time="5.768"/>
  <testcase name="test02_verifyCurrentTaxesAndFees" classname="sanity.MortgageWebDB" time="24.868"/>
</testsuite>