<?xml version="1.0" encoding="UTF-8"?>
<!-- Generated by org.testng.reporters.JUnitReportReporter -->
<testsuite skipped="0" hostname="Ronen-pc" name="sanity.TodoListElectron" tests="2" failures="0" timestamp="2021-11-19T14:52:04 IST" time="19.931" errors="0">
  <testcase name="test02_addAndVerifyNewTask" time="15.862" classname="sanity.TodoListElectron"/>
  <system-out/>
  <testcase name="test01_addAndVerifyNewTask" time="4.069" classname="sanity.TodoListElectron"/>
  <system-out/>
</testsuite> <!-- sanity.TodoListElectron -->
