<?xml version="1.0" encoding="UTF-8"?>
<!-- Generated by org.testng.reporters.JUnitReportReporter -->
<testsuite skipped="0" hostname="Ronen-pc" name="sanity.GrafanaApi" tests="3" failures="0" timestamp="2021-11-19T14:46:55 IST" time="3.172" errors="0">
  <testcase name="test02_updateTeamAndVerify" time="0.160" classname="sanity.GrafanaApi"/>
  <system-out/>
  <testcase name="test01_addTeamAndVerify" time="2.882" classname="sanity.GrafanaApi"/>
  <system-out/>
  <testcase name="test03_deleteTeamAndVerify" time="0.130" classname="sanity.GrafanaApi"/>
  <system-out/>
</testsuite> <!-- sanity.GrafanaApi -->
