<?xml version="1.0" encoding="UTF-8"?>
<!-- Generated by org.testng.reporters.JUnitReportReporter -->
<testsuite skipped="0" hostname="Ronen-pc" name="sanity.MortgageWebDB" tests="2" failures="0" timestamp="2021-11-19T16:51:03 IST" time="30.612" errors="0">
  <testcase name="test02_verifyCurrentTaxesAndFees" time="24.885" classname="sanity.MortgageWebDB"/>
  <system-out/>
  <testcase name="test01_verifyMortgageCalculateDB" time="5.727" classname="sanity.MortgageWebDB"/>
  <system-out/>
</testsuite> <!-- sanity.MortgageWebDB -->
