<?xml version="1.0" encoding="UTF-8"?>
<!-- Generated by org.testng.reporters.JUnitReportReporter -->
<testsuite skipped="0" hostname="Ronen-pc" name="sanity.MortgageWeb" tests="6" failures="0" timestamp="2021-11-19T14:56:45 IST" time="80.487" errors="0">
  <testcase name="test05_verifyLoanBreakdownGraph" time="9.064" classname="sanity.MortgageWeb"/>
  <system-out/>
  <testcase name="test04_verifyBalancePrincipleAndInterest" time="23.714" classname="sanity.MortgageWeb"/>
  <system-out/>
  <testcase name="test03_verifyCurrentTaxesAndFees" time="10.878" classname="sanity.MortgageWeb"/>
  <system-out/>
  <testcase name="test02_verifyMortgageCalculate" time="6.862" classname="sanity.MortgageWeb"/>
  <system-out/>
  <testcase name="test04_verifyBalancePrincipleAndInterest" time="29.713" classname="sanity.MortgageWeb"/>
  <system-out/>
  <testcase name="test01_verifyHeader" time="0.256" classname="sanity.MortgageWeb"/>
  <system-out/>
</testsuite> <!-- sanity.MortgageWeb -->
