<?xml version="1.0" encoding="UTF-8"?>
<!-- Generated by org.testng.reporters.JUnitReportReporter -->
<testsuite skipped="0" hostname="Ronen-pc" name="sanity.CalculatorDesktop" tests="1" failures="0" timestamp="2021-11-19T16:39:26 IST" time="5.597" errors="0">
  <testcase name="test01_verifyCalculateMultiple" time="5.597" classname="sanity.CalculatorDesktop"/>
  <system-out/>
</testsuite> <!-- sanity.CalculatorDesktop -->
