<?xml version="1.0" encoding="UTF-8"?>
<!-- Generated by org.testng.reporters.JUnitReportReporter -->
<testsuite skipped="0" hostname="Ronen-pc" name="sanity.MortgageMobile" tests="2" failures="0" timestamp="2021-11-19T14:31:36 IST" time="67.938" errors="0">
  <testcase name="test01_verifyMortgage" time="8.323" classname="sanity.MortgageMobile"/>
  <system-out/>
  <testcase name="test02_verifyBalance" time="59.615" classname="sanity.MortgageMobile"/>
  <system-out/>
</testsuite> <!-- sanity.MortgageMobile -->
